<?xml version="1.0" encoding="UTF-8"?>
<testng-results ignored="0" total="2" passed="2" failed="0" skipped="0">
  <reporter-output>
  </reporter-output>
  <suite started-at="2024-07-21T11:55:43 IST" name="Suite" finished-at="2024-07-21T11:56:07 IST" duration-ms="23087">
    <groups>
    </groups>
    <test started-at="2024-07-21T11:55:43 IST" name="Test" finished-at="2024-07-21T11:56:07 IST" duration-ms="23087">
      <class name="SsquareIT.SeleniumFramework.E2ETest2">
        <test-method signature="endToEndTest(java.lang.String,java.lang.String)[pri:0, instance:SsquareIT.SeleniumFramework.E2ETest2@7ce026d3]" started-at="2024-07-21T11:55:43 IST" name="endToEndTest" data-provider="getData" finished-at="2024-07-21T11:55:55 IST" duration-ms="11507" status="PASS">
          <params>
            <param index="0">
              <value>
                <![CDATA[savalkarprashant14@gmail.com]]>
              </value>
            </param>
            <param index="1">
              <value>
                <![CDATA[Prashant@123]]>
              </value>
            </param>
          </params>
          <reporter-output>
          </reporter-output>
        </test-method> <!-- endToEndTest -->
        <test-method signature="endToEndTest(java.lang.String,java.lang.String)[pri:0, instance:SsquareIT.SeleniumFramework.E2ETest2@7ce026d3]" started-at="2024-07-21T11:55:55 IST" name="endToEndTest" data-provider="getData" finished-at="2024-07-21T11:56:06 IST" duration-ms="11542" status="PASS">
          <params>
            <param index="0">
              <value>
                <![CDATA[prashantsavalkar1412@gmail.com]]>
              </value>
            </param>
            <param index="1">
              <value>
                <![CDATA[Prashant@1234]]>
              </value>
            </param>
          </params>
          <reporter-output>
          </reporter-output>
        </test-method> <!-- endToEndTest -->
      </class> <!-- SsquareIT.SeleniumFramework.E2ETest2 -->
    </test> <!-- Test -->
  </suite> <!-- Suite -->
</testng-results>
